Using pre-set license
Built from '2020.2/release' branch; Version is '2020.2.2f1 (068178b99f32) revision 426360'; Using compiler version '192528614'; Build Type 'Release'
OS: 'Windows 10 Home; OS build 19042.928; Version 2009; 64bit' Language: 'en' Physical Memory: 8038 MB
BatchMode: 1, IsHumanControllingUs: 0, StartBugReporterOnCrash: 0, Is64bit: 1, IsPro: 0

 COMMAND LINE ARGUMENTS:
D:\window 문서\Editor\Unity.exe
-adb2
-batchMode
-noUpm
-name
AssetImportWorker0
-projectPath
D:/Ddrive다운로드/dummy project/New Unity Project
-logFile
Logs/AssetImportWorker0.log
-srvPort
3892
Successfully changed project path to: D:/Ddrive다운로드/dummy project/New Unity Project
D:/Ddrive다운로드/dummy project/New Unity Project
Using Asset Import Pipeline V2.
Refreshing native plugins compatible for Editor in 43.95 ms, found 0 plugins.
Preloading 0 native plugins for Editor in 0.00 ms.
Initialize engine version: 2020.2.2f1 (068178b99f32)
[Subsystems] Discovering subsystems at path D:/window 문서/Editor/Data/Resources/UnitySubsystems
[Subsystems] Discovering subsystems at path D:/Ddrive다운로드/dummy project/New Unity Project/Assets
GfxDevice: creating device client; threaded=0
Direct3D:
    Version:  Direct3D 11.0 [level 11.1]
    Renderer: NVIDIA GeForce GTX 1050 Ti (ID=0x1c8c)
    Vendor:   
    VRAM:     4018 MB
    Driver:   24.21.13.9811
Initialize mono
Mono path[0] = 'D:/window 문서/Editor/Data/Managed'
Mono path[1] = 'D:/window 문서/Editor/Data/MonoBleedingEdge/lib/mono/unityjit'
Mono config path = 'D:/window 문서/Editor/Data/MonoBleedingEdge/etc'
Using monoOptions --debugger-agent=transport=dt_socket,embedding=1,server=y,suspend=n,address=127.0.0.1:56920
Begin MonoManager ReloadAssembly
Registering precompiled unity dll's ...
Register platform support module: D:/window 문서/Editor/Data/PlaybackEngines/WindowsStandaloneSupport/UnityEditor.WindowsStandalone.Extensions.dll
Registered in 0.218737 seconds.
Native extension for WindowsStandalone target not found
Refreshing native plugins compatible for Editor in 40.40 ms, found 0 plugins.
Preloading 0 native plugins for Editor in 0.00 ms.
Invoked RoslynAnalysisRunner static constructor.
RoslynAnalysisRunner will not be running.
RoslynAnalysisRunner has terminated.
Mono: successfully reloaded assembly
- Completed reload, in  7.740 seconds
Platform modules already initialized, skipping
Registering precompiled user dll's ...
Registered in 0.131084 seconds.
Begin MonoManager ReloadAssembly
Native extension for WindowsStandalone target not found
Refreshing native plugins compatible for Editor in 0.31 ms, found 0 plugins.
Preloading 0 native plugins for Editor in 0.00 ms.
Invoked RoslynAnalysisRunner static constructor.
RoslynAnalysisRunner will not be running.
RoslynAnalysisRunner has terminated.
Mono: successfully reloaded assembly
- Completed reload, in  3.499 seconds
Platform modules already initialized, skipping
========================================================================
Worker process is ready to serve import requests
Launched and connected shader compiler UnityShaderCompiler.exe after 0.20 seconds
Refreshing native plugins compatible for Editor in 0.29 ms, found 0 plugins.
Preloading 0 native plugins for Editor in 0.00 ms.
Unloading 1099 Unused Serialized files (Serialized files now loaded: 0)
System memory in use before: 56.4 MB.
System memory in use after: 56.5 MB.

Unloading 9 unused Assets to reduce memory usage. Loaded Objects now: 1541.
Total: 2.827800 ms (FindLiveObjects: 0.175200 ms CreateObjectMapping: 0.056800 ms MarkObjects: 2.502500 ms  DeleteObjects: 0.091600 ms)

========================================================================
Received Import Request.
  path: Assets/Scene 1.unity
  artifactKey: Guid(95ce6047f04e46343a27a5f6f55f9d88) Importer(815301076,1909f56bfc062723c751e8b465ee728b)
Start importing Assets/Scene 1.unity using Guid(95ce6047f04e46343a27a5f6f55f9d88) Importer(815301076,1909f56bfc062723c751e8b465ee728b)  -> (artifact id: '2b0bc35759007bc70b07624e889c7510') in 0.022196 seconds
  Import took 0.025205 seconds .

AssetImportWorkerClient::OnTransportError - code=2 error=End of file
